<?xml version="1.0" encoding="UTF-8"?>
<!-- Generated by org.testng.reporters.JUnitReportReporter -->
<testsuite hostname="SYNPYBRLG02L21W" failures="0" tests="1" name="ActiTime.LoginToActitimeTest" time="9.813" errors="0" timestamp="2023-10-12T10:03:38 IST" skipped="0">
  <testcase classname="ActiTime.LoginToActitimeTest" name="loginToAppTest" time="9.813"/>
  <system-out/>
</testsuite> <!-- ActiTime.LoginToActitimeTest -->
