<?xml version="1.0" encoding="UTF-8"?>
<!-- Generated by org.testng.reporters.JUnitReportReporter -->
<testsuite hostname="SYNPYBRLG02L21W" failures="0" tests="1" name="Sample.NewTest" time="0.009" errors="0" timestamp="2023-10-06T12:37:53 IST" skipped="0">
  <testcase classname="Sample.NewTest" name="f" time="0.009"/>
  <system-out/>
</testsuite> <!-- Sample.NewTest -->
