<?xml version="1.0" encoding="UTF-8"?>
<!-- Generated by org.testng.reporters.JUnitReportReporter -->
<testsuite hostname="SYNPYBRLG02L21W" failures="0" tests="2" name="ListenerClass.listenerTest" time="0.014" errors="0" timestamp="2023-10-11T21:48:31 IST" skipped="0">
  <testcase classname="ListenerClass.listenerTest" name="test1" time="0.003"/>
  <system-out/>
  <testcase classname="ListenerClass.listenerTest" name="test" time="0.011"/>
  <system-out/>
</testsuite> <!-- ListenerClass.listenerTest -->
